{"numTotalTestSuites":6,"numPassedTestSuites":6,"numFailedTestSuites":0,"numPendingTestSuites":0,"numTotalTests":10,"numPassedTests":10,"numFailedTests":0,"numPendingTests":0,"numTodoTests":0,"snapshot":{"added":0,"failure":false,"filesAdded":0,"filesRemoved":0,"filesRemovedList":[],"filesUnmatched":0,"filesUpdated":0,"matched":0,"total":0,"unchecked":0,"uncheckedKeysByFile":[],"unmatched":0,"updated":0,"didUpdate":false},"startTime":1785424343481,"success":true,"testResults":[{"assertionResults":[{"ancestorTitles":["FeedbackSection"],"fullName":"FeedbackSection должен корректно рендерить все элементы на мобильном viewport (375px)","status":"passed","title":"должен корректно рендерить все элементы на мобильном viewport (375px)","duration":136.70000000298023,"failureMessages":[],"meta":{},"tags":[]},{"ancestorTitles":["FeedbackSection"],"fullName":"FeedbackSection интерактивность формы: чекбокс и кнопка","status":"passed","title":"интерактивность формы: чекбокс и кнопка","duration":271.80000001192093,"failureMessages":[],"meta":{},"tags":[]},{"ancestorTitles":["FeedbackSection"],"fullName":"FeedbackSection отправка формы с валидными данными","status":"passed","title":"отправка формы с валидными данными","duration":180.90000000596046,"failureMessages":[],"meta":{},"tags":[]},{"ancestorTitles":["FeedbackSection"],"fullName":"FeedbackSection изображение загружается без ошибки 404","status":"passed","title":"изображение загружается без ошибки 404","duration":11.900000005960464,"failureMessages":[],"meta":{},"tags":[]},{"ancestorTitles":["FeedbackSection"],"fullName":"FeedbackSection все обязательные элементы присутствуют и имеют правильную структуру","status":"passed","title":"все обязательные элементы присутствуют и имеют правильную структуру","duration":12.399999991059303,"failureMessages":[],"meta":{},"tags":[]},{"ancestorTitles":["FeedbackSectionDesktop"],"fullName":"FeedbackSectionDesktop должен корректно отображаться на десктопе (1024px)","status":"passed","title":"должен корректно отображаться на десктопе (1024px)","duration":14.600000008940697,"failureMessages":[],"meta":{},"tags":[]}],"startTime":1785424345617,"endTime":1785424346246.6,"status":"passed","message":"","name":"/home/kole/dev/Club-card-website-pinanta/frontend/test/FeedbackSection.spec.ts"},{"assertionResults":[{"ancestorTitles":["PhraseSection"],"fullName":"PhraseSection mobile viewport rendering (375px)","status":"passed","title":"mobile viewport rendering (375px)","duration":48.099999994039536,"failureMessages":[],"meta":{},"tags":[]},{"ancestorTitles":["PhraseSection"],"fullName":"PhraseSection все обязательные элементы присутствуют и имеют правильную структуру","status":"passed","title":"все обязательные элементы присутствуют и имеют правильную структуру","duration":4.600000008940697,"failureMessages":[],"meta":{},"tags":[]},{"ancestorTitles":["PhraseSectionDesktop"],"fullName":"PhraseSectionDesktop desktop viewport rendering (1440px)","status":"passed","title":"desktop viewport rendering (1440px)","duration":24.900000005960464,"failureMessages":[],"meta":{},"tags":[]},{"ancestorTitles":["PhraseSectionDesktop"],"fullName":"PhraseSectionDesktop все обязательные элементы присутствуют и имеют правильную структуру","status":"passed","title":"все обязательные элементы присутствуют и имеют правильную структуру","duration":3.5,"failureMessages":[],"meta":{},"tags":[]}],"startTime":1785424345608,"endTime":1785424345689.5,"status":"passed","message":"","name":"/home/kole/dev/Club-card-website-pinanta/frontend/test/PhraseSection.spec.ts"}]}